{"F:\\Code\\query-builder\\src\\QueryBuilder.tsx": {"path":"F:\\Code\\query-builder\\src\\QueryBuilder.tsx","statementMap":{"0":{"start":{"line":1,"column":0},"end":{"line":1,"column":36}},"1":{"start":{"line":2,"column":0},"end":{"line":2,"column":33}},"2":{"start":{"line":3,"column":0},"end":{"line":3,"column":26}},"3":{"start":{"line":4,"column":0},"end":{"line":4,"column":44}},"4":{"start":{"line":12,"column":0},"end":{"line":12,"column":36}},"5":{"start":{"line":13,"column":0},"end":{"line":13,"column":null}},"6":{"start":{"line":38,"column":0},"end":{"line":38,"column":null}},"7":{"start":{"line":38,"column":34},"end":{"line":38,"column":39}},"8":{"start":{"line":47,"column":4},"end":{"line":47,"column":null}},"9":{"start":{"line":49,"column":12},"end":{"line":49,"column":19}},"10":{"start":{"line":49,"column":21},"end":{"line":49,"column":31}},"11":{"start":{"line":49,"column":33},"end":{"line":49,"column":38}},"12":{"start":{"line":49,"column":40},"end":{"line":49,"column":50}},"13":{"start":{"line":51,"column":4},"end":{"line":51,"column":58}},"14":{"start":{"line":52,"column":4},"end":{"line":52,"column":59}},"15":{"start":{"line":53,"column":4},"end":{"line":53,"column":65}},"16":{"start":{"line":55,"column":4},"end":{"line":55,"column":40}},"17":{"start":{"line":57,"column":4},"end":{"line":57,"column":39}},"18":{"start":{"line":58,"column":4},"end":{"line":58,"column":45}},"19":{"start":{"line":59,"column":4},"end":{"line":59,"column":53}},"20":{"start":{"line":62,"column":2},"end":{"line":81,"column":null}},"21":{"start":{"line":63,"column":4},"end":{"line":80,"column":6}},"22":{"start":{"line":83,"column":9},"end":{"line":93,"column":null}},"23":{"start":{"line":84,"column":18},"end":{"line":84,"column":45}},"24":{"start":{"line":85,"column":24},"end":{"line":85,"column":54}},"25":{"start":{"line":87,"column":4},"end":{"line":92,"column":null}},"26":{"start":{"line":88,"column":6},"end":{"line":88,"column":45}},"27":{"start":{"line":89,"column":6},"end":{"line":89,"column":30}},"28":{"start":{"line":91,"column":6},"end":{"line":91,"column":53}},"29":{"start":{"line":95,"column":9},"end":{"line":105,"column":null}},"30":{"start":{"line":96,"column":18},"end":{"line":96,"column":45}},"31":{"start":{"line":97,"column":10},"end":{"line":97,"column":11}},"32":{"start":{"line":97,"column":11},"end":{"line":97,"column":14}},"33":{"start":{"line":97,"column":16},"end":{"line":97,"column":75}},"34":{"start":{"line":99,"column":4},"end":{"line":104,"column":null}},"35":{"start":{"line":100,"column":6},"end":{"line":100,"column":38}},"36":{"start":{"line":101,"column":6},"end":{"line":101,"column":30}},"37":{"start":{"line":103,"column":6},"end":{"line":103,"column":56}},"38":{"start":{"line":107,"column":9},"end":{"line":117,"column":null}},"39":{"start":{"line":108,"column":18},"end":{"line":108,"column":45}},"40":{"start":{"line":109,"column":22},"end":{"line":109,"column":55}},"41":{"start":{"line":111,"column":4},"end":{"line":116,"column":null}},"42":{"start":{"line":112,"column":6},"end":{"line":112,"column":49}},"43":{"start":{"line":113,"column":6},"end":{"line":113,"column":30}},"44":{"start":{"line":115,"column":6},"end":{"line":115,"column":60}},"45":{"start":{"line":119,"column":10},"end":{"line":125,"column":null}},"46":{"start":{"line":119,"column":2},"end":{"line":119,"column":10}},"47":{"start":{"line":120,"column":12},"end":{"line":120,"column":25}},"48":{"start":{"line":121,"column":4},"end":{"line":124,"column":6}},"49":{"start":{"line":123,"column":12},"end":{"line":123,"column":null}},"50":{"start":{"line":127,"column":10},"end":{"line":133,"column":null}},"51":{"start":{"line":128,"column":18},"end":{"line":128,"column":71}},"52":{"start":{"line":130,"column":4},"end":{"line":132,"column":6}},"53":{"start":{"line":134,"column":0},"end":{"line":134,"column":null}},"54":{"start":{"line":38,"column":13},"end":{"line":38,"column":25}},"55":{"start":{"line":136,"column":0},"end":{"line":136,"column":28}}},"fnMap":{"0":{"name":"(anonymous_0)","decl":{"start":{"line":38,"column":0},"end":{"line":38,"column":13}},"loc":{"start":{"line":38,"column":0},"end":{"line":134,"column":null}}},"1":{"name":"QueryBuilder","decl":{"start":{"line":46,"column":2},"end":{"line":46,"column":14}},"loc":{"start":{"line":46,"column":39},"end":{"line":60,"column":3}}},"2":{"name":"(anonymous_2)","decl":{"start":{"line":62,"column":2},"end":{"line":62,"column":8}},"loc":{"start":{"line":62,"column":2},"end":{"line":81,"column":3}}},"3":{"name":"(anonymous_3)","decl":{"start":{"line":83,"column":2},"end":{"line":83,"column":9}},"loc":{"start":{"line":83,"column":54},"end":{"line":93,"column":3}}},"4":{"name":"(anonymous_4)","decl":{"start":{"line":95,"column":2},"end":{"line":95,"column":9}},"loc":{"start":{"line":95,"column":37},"end":{"line":105,"column":3}}},"5":{"name":"(anonymous_5)","decl":{"start":{"line":107,"column":2},"end":{"line":107,"column":9}},"loc":{"start":{"line":107,"column":66},"end":{"line":117,"column":3}}},"6":{"name":"(anonymous_6)","decl":{"start":{"line":119,"column":2},"end":{"line":119,"column":10}},"loc":{"start":{"line":119,"column":39},"end":{"line":125,"column":3}}},"7":{"name":"(anonymous_7)","decl":{"start":{"line":123,"column":6},"end":{"line":123,"column":12}},"loc":{"start":{"line":123,"column":6},"end":{"line":123,"column":25}}},"8":{"name":"(anonymous_8)","decl":{"start":{"line":127,"column":2},"end":{"line":127,"column":10}},"loc":{"start":{"line":127,"column":2},"end":{"line":133,"column":3}}}},"branchMap":{"0":{"loc":{"start":{"line":47,"column":4},"end":{"line":47,"column":16}},"type":"binary-expr","locations":[{"start":{"line":47,"column":4},"end":{"line":47,"column":16}},{"start":{"line":47,"column":16},"end":{"line":47,"column":null}}]},"1":{"loc":{"start":{"line":87,"column":4},"end":{"line":92,"column":null}},"type":"if","locations":[{"start":{"line":87,"column":4},"end":{"line":92,"column":null}},{"start":{"line":87,"column":4},"end":{"line":92,"column":null}}]},"2":{"loc":{"start":{"line":87,"column":8},"end":{"line":87,"column":19}},"type":"binary-expr","locations":[{"start":{"line":87,"column":8},"end":{"line":87,"column":19}},{"start":{"line":87,"column":23},"end":{"line":87,"column":47}}]},"3":{"loc":{"start":{"line":99,"column":4},"end":{"line":104,"column":null}},"type":"if","locations":[{"start":{"line":99,"column":4},"end":{"line":104,"column":null}},{"start":{"line":99,"column":4},"end":{"line":104,"column":null}}]},"4":{"loc":{"start":{"line":99,"column":8},"end":{"line":99,"column":21}},"type":"binary-expr","locations":[{"start":{"line":99,"column":8},"end":{"line":99,"column":21}},{"start":{"line":99,"column":25},"end":{"line":99,"column":30}},{"start":{"line":99,"column":34},"end":{"line":99,"column":52}}]},"5":{"loc":{"start":{"line":111,"column":4},"end":{"line":116,"column":null}},"type":"if","locations":[{"start":{"line":111,"column":4},"end":{"line":116,"column":null}},{"start":{"line":111,"column":4},"end":{"line":116,"column":null}}]},"6":{"loc":{"start":{"line":123,"column":12},"end":{"line":123,"column":25}},"type":"binary-expr","locations":[{"start":{"line":123,"column":12},"end":{"line":123,"column":25}},{"start":{"line":123,"column":29},"end":{"line":123,"column":60}}]}},"s":{"0":1,"1":1,"2":1,"3":1,"4":1,"5":1,"6":1,"7":1,"8":14,"9":14,"10":14,"11":14,"12":14,"13":14,"14":14,"15":14,"16":14,"17":14,"18":14,"19":14,"20":1,"21":18,"22":1,"23":2,"24":2,"25":2,"26":1,"27":1,"28":1,"29":1,"30":2,"31":2,"32":2,"33":2,"34":2,"35":1,"36":1,"37":1,"38":1,"39":2,"40":2,"41":2,"42":1,"43":1,"44":1,"45":1,"46":3,"47":3,"48":3,"49":3,"50":1,"51":14,"52":14,"53":1,"54":1,"55":1},"f":{"0":1,"1":14,"2":18,"3":2,"4":2,"5":2,"6":3,"7":3,"8":14},"b":{"0":[14,14],"1":[1,1],"2":[2,1],"3":[1,1],"4":[2,2,1],"5":[1,1],"6":[3,3]}}
}
