TN:
SF:F:\Code\query-builder\src\QueryBuilder.tsx
FN:38,(anonymous_0)
FN:46,QueryBuilder
FN:62,(anonymous_2)
FN:83,(anonymous_3)
FN:95,(anonymous_4)
FN:107,(anonymous_5)
FN:119,(anonymous_6)
FN:123,(anonymous_7)
FN:127,(anonymous_8)
FNF:9
FNH:9
FNDA:1,(anonymous_0)
FNDA:14,QueryBuilder
FNDA:18,(anonymous_2)
FNDA:2,(anonymous_3)
FNDA:2,(anonymous_4)
FNDA:2,(anonymous_5)
FNDA:3,(anonymous_6)
FNDA:3,(anonymous_7)
FNDA:14,(anonymous_8)
DA:1,1
DA:2,1
DA:3,1
DA:4,1
DA:12,1
DA:13,1
DA:38,1
DA:47,14
DA:49,14
DA:51,14
DA:52,14
DA:53,14
DA:55,14
DA:57,14
DA:58,14
DA:59,14
DA:62,1
DA:63,18
DA:83,1
DA:84,2
DA:85,2
DA:87,2
DA:88,1
DA:89,1
DA:91,1
DA:95,1
DA:96,2
DA:97,2
DA:99,2
DA:100,1
DA:101,1
DA:103,1
DA:107,1
DA:108,2
DA:109,2
DA:111,2
DA:112,1
DA:113,1
DA:115,1
DA:119,3
DA:120,3
DA:121,3
DA:123,3
DA:127,1
DA:128,14
DA:130,14
DA:134,1
DA:136,1
LF:48
LH:48
BRDA:47,0,0,14
BRDA:47,0,1,14
BRDA:87,1,0,1
BRDA:87,1,1,1
BRDA:87,2,0,2
BRDA:87,2,1,1
BRDA:99,3,0,1
BRDA:99,3,1,1
BRDA:99,4,0,2
BRDA:99,4,1,2
BRDA:99,4,2,1
BRDA:111,5,0,1
BRDA:111,5,1,1
BRDA:123,6,0,3
BRDA:123,6,1,3
BRF:15
BRH:15
end_of_record
